-------------------------------------------------------------------------------
Test set: com.climbtogether.app.BootApplicationTests
-------------------------------------------------------------------------------
Tests run: 1, Failures: 0, Errors: 1, Skipped: 0, Time elapsed: 0.207 s <<< FAILURE! - in com.climbtogether.app.BootApplicationTests
com.climbtogether.app.BootApplicationTests  Time elapsed: 0.206 s  <<< ERROR!
java.lang.IllegalStateException: Unable to find a @SpringBootConfiguration, you need to use @ContextConfiguration or @SpringBootTest(classes=...) with your test

