<?xml version="1.0" encoding="UTF-8"?>
<testsuite xmlns:xsi="http://www.w3.org/2001/XMLSchema-instance" xsi:noNamespaceSchemaLocation="https://maven.apache.org/surefire/maven-surefire-plugin/xsd/surefire-test-report.xsd" name="com.climbtogether.app.BootApplicationTests" time="0.207" tests="1" errors="1" skipped="0" failures="0">
  <properties>
[...]
</properties>
  <testcase name="com.climbtogether.app.BootApplicationTests" classname="com.climbtogether.app.BootApplicationTests" time="0.206">
    <error message="Unable to find a @SpringBootConfiguration, you need to use @ContextConfiguration or @SpringBootTest(classes=...) with your test" type="java.lang.IllegalStateException">java.lang.IllegalStateException: Unable to find a @SpringBootConfiguration, you need to use @ContextConfiguration or @SpringBootTest(classes=...) with your test
</error>
    <system-out><![CDATA[10:45:22.312 [main] DEBUG org.springframework.test.context.BootstrapUtils - Instantiating CacheAwareContextLoaderDelegate from class [org.springframework.test.context.cache.DefaultCacheAwareContextLoaderDelegate]
10:45:22.323 [main] DEBUG org.springframework.test.context.BootstrapUtils - Instantiating BootstrapContext using constructor [public org.springframework.test.context.support.DefaultBootstrapContext(java.lang.Class,org.springframework.test.context.CacheAwareContextLoaderDelegate)]
10:45:22.353 [main] DEBUG org.springframework.test.context.BootstrapUtils - Instantiating TestContextBootstrapper for test class [com.climbtogether.app.BootApplicationTests] from class [org.springframework.boot.test.context.SpringBootTestContextBootstrapper]
10:45:22.363 [main] INFO org.springframework.boot.test.context.SpringBootTestContextBootstrapper - Neither @ContextConfiguration nor @ContextHierarchy found for test class [com.climbtogether.app.BootApplicationTests], using SpringBootContextLoader
10:45:22.366 [main] DEBUG org.springframework.test.context.support.AbstractContextLoader - Did not detect default resource location for test class [com.climbtogether.app.BootApplicationTests]: class path resource [com/climbtogether/app/BootApplicationTests-context.xml] does not exist
10:45:22.367 [main] DEBUG org.springframework.test.context.support.AbstractContextLoader - Did not detect default resource location for test class [com.climbtogether.app.BootApplicationTests]: class path resource [com/climbtogether/app/BootApplicationTestsContext.groovy] does not exist
10:45:22.367 [main] INFO org.springframework.test.context.support.AbstractContextLoader - Could not detect default resource locations for test class [com.climbtogether.app.BootApplicationTests]: no resource found for suffixes {-context.xml, Context.groovy}.
10:45:22.367 [main] INFO org.springframework.test.context.support.AnnotationConfigContextLoaderUtils - Could not detect default configuration classes for test class [com.climbtogether.app.BootApplicationTests]: BootApplicationTests does not declare any static, non-private, non-final, nested classes annotated with @Configuration.
10:45:22.407 [main] DEBUG org.springframework.test.context.support.ActiveProfilesUtils - Could not find an 'annotation declaring class' for annotation type [org.springframework.test.context.ActiveProfiles] and class [com.climbtogether.app.BootApplicationTests]
]]></system-out>
  </testcase>
</testsuite>